Using pre-set license
Built from '2021.3/staging' branch; Version is '2021.3.4f1 (cb45f9cae8b7) revision 13321721'; Using compiler version '192829333'; Build Type 'Release'
OS: 'Windows 10  (10.0.19044) 64bit Professional' Language: 'en' Physical Memory: 16316 MB
BatchMode: 1, IsHumanControllingUs: 0, StartBugReporterOnCrash: 0, Is64bit: 1, IsPro: 1

COMMAND LINE ARGUMENTS:
C:\Program Files\Unity\Hub\Editor\2021.3.4f1\Editor\Unity.exe
-adb2
-batchMode
-noUpm
-name
AssetImportWorker6
-projectPath
C:/Users/pc gamer casa/Desktop/unity projects/3D learning  Unity + Blender
-logFile
Logs/AssetImportWorker6.log
-srvPort
53057
Successfully changed project path to: C:/Users/pc gamer casa/Desktop/unity projects/3D learning  Unity + Blender
C:/Users/pc gamer casa/Desktop/unity projects/3D learning  Unity + Blender
[UnityMemory] Configuration Parameters - Can be set up in boot.config
    "memorysetup-bucket-allocator-granularity=16"
    "memorysetup-bucket-allocator-bucket-count=8"
    "memorysetup-bucket-allocator-block-size=33554432"
    "memorysetup-bucket-allocator-block-count=8"
    "memorysetup-main-allocator-block-size=16777216"
    "memorysetup-thread-allocator-block-size=16777216"
    "memorysetup-gfx-main-allocator-block-size=16777216"
    "memorysetup-gfx-thread-allocator-block-size=16777216"
    "memorysetup-cache-allocator-block-size=4194304"
    "memorysetup-typetree-allocator-block-size=2097152"
    "memorysetup-profiler-bucket-allocator-granularity=16"
    "memorysetup-profiler-bucket-allocator-bucket-count=8"
    "memorysetup-profiler-bucket-allocator-block-size=33554432"
    "memorysetup-profiler-bucket-allocator-block-count=8"
    "memorysetup-profiler-allocator-block-size=16777216"
    "memorysetup-profiler-editor-allocator-block-size=1048576"
    "memorysetup-temp-allocator-size-main=16777216"
    "memorysetup-job-temp-allocator-block-size=2097152"
    "memorysetup-job-temp-allocator-block-size-background=1048576"
    "memorysetup-job-temp-allocator-reduction-small-platforms=262144"
    "memorysetup-temp-allocator-size-background-worker=32768"
    "memorysetup-temp-allocator-size-job-worker=262144"
    "memorysetup-temp-allocator-size-preload-manager=33554432"
    "memorysetup-temp-allocator-size-nav-mesh-worker=65536"
    "memorysetup-temp-allocator-size-audio-worker=65536"
    "memorysetup-temp-allocator-size-cloud-worker=32768"
    "memorysetup-temp-allocator-size-gi-baking-worker=262144"
    "memorysetup-temp-allocator-size-gfx=262144"
Refreshing native plugins compatible for Editor in 679.26 ms, found 3 plugins.
Preloading 0 native plugins for Editor in 0.00 ms.
Initialize engine version: 2021.3.4f1 (cb45f9cae8b7)
[Subsystems] Discovering subsystems at path C:/Program Files/Unity/Hub/Editor/2021.3.4f1/Editor/Data/Resources/UnitySubsystems
[Subsystems] Discovering subsystems at path C:/Users/pc gamer casa/Desktop/unity projects/3D learning  Unity + Blender/Assets
GfxDevice: creating device client; threaded=0; jobified=0
Direct3D:
    Version:  Direct3D 11.0 [level 11.1]
    Renderer: Radeon RX 570 Series (ID=0x67df)
    Vendor:   ATI
    VRAM:     8170 MB
    Driver:   30.0.21023.1015
Initialize mono
Mono path[0] = 'C:/Program Files/Unity/Hub/Editor/2021.3.4f1/Editor/Data/Managed'
Mono path[1] = 'C:/Program Files/Unity/Hub/Editor/2021.3.4f1/Editor/Data/MonoBleedingEdge/lib/mono/unityjit-win32'
Mono config path = 'C:/Program Files/Unity/Hub/Editor/2021.3.4f1/Editor/Data/MonoBleedingEdge/etc'
Using monoOptions --debugger-agent=transport=dt_socket,embedding=1,server=y,suspend=n,address=127.0.0.1:56968
Begin MonoManager ReloadAssembly
Registering precompiled unity dll's ...
Register platform support module: C:/Program Files/Unity/Hub/Editor/2021.3.4f1/Editor/Data/PlaybackEngines/WindowsStandaloneSupport/UnityEditor.WindowsStandalone.Extensions.dll
Registered in 0.013714 seconds.
Native extension for WindowsStandalone target not found
Refreshing native plugins compatible for Editor in 139.81 ms, found 3 plugins.
Preloading 0 native plugins for Editor in 0.00 ms.
Mono: successfully reloaded assembly
- Completed reload, in  0.920 seconds
Domain Reload Profiling:
	ReloadAssembly (921ms)
		BeginReloadAssembly (129ms)
			ExecutionOrderSort (0ms)
			DisableScriptedObjects (0ms)
			BackupInstance (0ms)
			ReleaseScriptingObjects (0ms)
			CreateAndSetChildDomain (1ms)
		EndReloadAssembly (630ms)
			LoadAssemblies (122ms)
			RebuildTransferFunctionScriptingTraits (0ms)
			SetupTypeCache (123ms)
			ReleaseScriptCaches (0ms)
			RebuildScriptCaches (36ms)
			SetupLoadedEditorAssemblies (404ms)
				LogAssemblyErrors (0ms)
				InitializePlatformSupportModulesInManaged (11ms)
				SetLoadedEditorAssemblies (0ms)
				RefreshPlugins (140ms)
				BeforeProcessingInitializeOnLoad (2ms)
				ProcessInitializeOnLoadAttributes (184ms)
				ProcessInitializeOnLoadMethodAttributes (67ms)
				AfterProcessingInitializeOnLoad (0ms)
				EditorAssembliesLoaded (0ms)
			ExecutionOrderSort2 (0ms)
			AwakeInstancesAfterBackupRestoration (0ms)
Platform modules already initialized, skipping
Registering precompiled user dll's ...
Registered in 0.015149 seconds.
Begin MonoManager ReloadAssembly
Symbol file LoadedFromMemory doesn't match image C:\Users\pc gamer casa\Desktop\unity projects\3D learning  Unity + Blender\Library\PackageCache\com.unity.visualscripting@1.7.8\Editor\VisualScripting.Core\Dependencies\YamlDotNet\Unity.VisualScripting.YamlDotNet.dll
Symbol file LoadedFromMemory doesn't match image C:\Users\pc gamer casa\Desktop\unity projects\3D learning  Unity + Blender\Library\PackageCache\com.unity.visualscripting@1.7.8\Editor\VisualScripting.Core\Dependencies\DotNetZip\Unity.VisualScripting.IonicZip.dll
Native extension for WindowsStandalone target not found
Refreshing native plugins compatible for Editor in 149.34 ms, found 3 plugins.
Preloading 0 native plugins for Editor in 0.00 ms.
Mono: successfully reloaded assembly
- Completed reload, in  2.845 seconds
Domain Reload Profiling:
	ReloadAssembly (2846ms)
		BeginReloadAssembly (172ms)
			ExecutionOrderSort (0ms)
			DisableScriptedObjects (8ms)
			BackupInstance (0ms)
			ReleaseScriptingObjects (0ms)
			CreateAndSetChildDomain (26ms)
		EndReloadAssembly (2522ms)
			LoadAssemblies (145ms)
			RebuildTransferFunctionScriptingTraits (0ms)
			SetupTypeCache (400ms)
			ReleaseScriptCaches (1ms)
			RebuildScriptCaches (81ms)
			SetupLoadedEditorAssemblies (1847ms)
				LogAssemblyErrors (0ms)
				InitializePlatformSupportModulesInManaged (7ms)
				SetLoadedEditorAssemblies (0ms)
				RefreshPlugins (149ms)
				BeforeProcessingInitializeOnLoad (187ms)
				ProcessInitializeOnLoadAttributes (1384ms)
				ProcessInitializeOnLoadMethodAttributes (101ms)
				AfterProcessingInitializeOnLoad (17ms)
				EditorAssembliesLoaded (0ms)
			ExecutionOrderSort2 (0ms)
			AwakeInstancesAfterBackupRestoration (14ms)
Platform modules already initialized, skipping
========================================================================
Worker process is ready to serve import requests
Launched and connected shader compiler UnityShaderCompiler.exe after 0.08 seconds
Refreshing native plugins compatible for Editor in 1.50 ms, found 3 plugins.
Preloading 0 native plugins for Editor in 0.00 ms.
Unloading 5305 Unused Serialized files (Serialized files now loaded: 0)
Unloading 47 unused Assets / (1.6 MB). Loaded Objects now: 5770.
Memory consumption went from 232.0 MB to 230.4 MB.
Total: 6.266800 ms (FindLiveObjects: 0.722400 ms CreateObjectMapping: 0.470800 ms MarkObjects: 4.262600 ms  DeleteObjects: 0.809300 ms)

AssetImportParameters requested are different than current active one (requested -> active):
  custom:video-decoder-ogg-theora: a1e56fd34408186e4bbccfd4996cb3dc -> 
  custom:container-muxer-webm: aa71ff27fc2769a1b78a27578f13a17b -> 
  custom:container-demuxer-webm: 4f35f7cbe854078d1ac9338744f61a02 -> 
  custom:video-encoder-webm-vp8: eb34c28f22e8b96e1ab97ce403110664 -> 
  custom:audio-encoder-webm-vorbis: bf7c407c2cedff20999df2af8eb42d56 -> 
  custom:framework-win-MediaFoundation: 216162199b28c13a410421893ffa2e32 -> 
  custom:container-demuxer-ogg: 62fdf1f143b41e24485cea50d1cbac27 -> 
  custom:video-decoder-webm-vp8: 9c59270c3fd7afecdb556c50c9e8de78 -> 
  custom:audio-decoder-ogg-vorbis: bf7c407c2cedff20999df2af8eb42d56 -> 
========================================================================
Received Prepare
Registering precompiled user dll's ...
Registered in 0.018409 seconds.
Begin MonoManager ReloadAssembly
Symbol file LoadedFromMemory doesn't match image C:\Users\pc gamer casa\Desktop\unity projects\3D learning  Unity + Blender\Library\PackageCache\com.unity.visualscripting@1.7.8\Editor\VisualScripting.Core\Dependencies\YamlDotNet\Unity.VisualScripting.YamlDotNet.dll
Symbol file LoadedFromMemory doesn't match image C:\Users\pc gamer casa\Desktop\unity projects\3D learning  Unity + Blender\Library\PackageCache\com.unity.visualscripting@1.7.8\Editor\VisualScripting.Core\Dependencies\DotNetZip\Unity.VisualScripting.IonicZip.dll
Native extension for WindowsStandalone target not found
Refreshing native plugins compatible for Editor in 0.99 ms, found 3 plugins.
Preloading 0 native plugins for Editor in 0.00 ms.
Mono: successfully reloaded assembly
- Completed reload, in  1.674 seconds
Domain Reload Profiling:
	ReloadAssembly (1675ms)
		BeginReloadAssembly (199ms)
			ExecutionOrderSort (0ms)
			DisableScriptedObjects (8ms)
			BackupInstance (0ms)
			ReleaseScriptingObjects (0ms)
			CreateAndSetChildDomain (51ms)
		EndReloadAssembly (1336ms)
			LoadAssemblies (142ms)
			RebuildTransferFunctionScriptingTraits (0ms)
			SetupTypeCache (357ms)
			ReleaseScriptCaches (2ms)
			RebuildScriptCaches (63ms)
			SetupLoadedEditorAssemblies (705ms)
				LogAssemblyErrors (0ms)
				InitializePlatformSupportModulesInManaged (17ms)
				SetLoadedEditorAssemblies (1ms)
				RefreshPlugins (1ms)
				BeforeProcessingInitializeOnLoad (150ms)
				ProcessInitializeOnLoadAttributes (405ms)
				ProcessInitializeOnLoadMethodAttributes (115ms)
				AfterProcessingInitializeOnLoad (16ms)
				EditorAssembliesLoaded (0ms)
			ExecutionOrderSort2 (0ms)
			AwakeInstancesAfterBackupRestoration (20ms)
Platform modules already initialized, skipping
Refreshing native plugins compatible for Editor in 3.17 ms, found 3 plugins.
Preloading 0 native plugins for Editor in 0.00 ms.
Unloading 5129 Unused Serialized files (Serialized files now loaded: 0)
Unloading 47 unused Assets / (1.6 MB). Loaded Objects now: 5765.
Memory consumption went from 218.9 MB to 217.3 MB.
Total: 4.437300 ms (FindLiveObjects: 0.450600 ms CreateObjectMapping: 0.158900 ms MarkObjects: 3.398100 ms  DeleteObjects: 0.428200 ms)

AssetImportParameters requested are different than current active one (requested -> active):
  custom:video-decoder-ogg-theora: a1e56fd34408186e4bbccfd4996cb3dc -> 
  custom:container-muxer-webm: aa71ff27fc2769a1b78a27578f13a17b -> 
  custom:container-demuxer-webm: 4f35f7cbe854078d1ac9338744f61a02 -> 
  custom:video-encoder-webm-vp8: eb34c28f22e8b96e1ab97ce403110664 -> 
  custom:audio-encoder-webm-vorbis: bf7c407c2cedff20999df2af8eb42d56 -> 
  custom:framework-win-MediaFoundation: 216162199b28c13a410421893ffa2e32 -> 
  custom:container-demuxer-ogg: 62fdf1f143b41e24485cea50d1cbac27 -> 
  custom:video-decoder-webm-vp8: 9c59270c3fd7afecdb556c50c9e8de78 -> 
  custom:audio-decoder-ogg-vorbis: bf7c407c2cedff20999df2af8eb42d56 -> 
========================================================================
Received Import Request.
  Time since last request: 659531.416004 seconds.
  path: Assets/imports/New Shader Graph.shadergraph
  artifactKey: Guid(f7ec0eb2e448a3045b1a880e4080729c) Importer(815301076,1909f56bfc062723c751e8b465ee728b)
Start importing Assets/imports/New Shader Graph.shadergraph using Guid(f7ec0eb2e448a3045b1a880e4080729c) Importer(815301076,1909f56bfc062723c751e8b465ee728b)  -> (artifact id: '9532daf3cc52e33e6579b4491133074e') in 0.069718 seconds 
========================================================================
Received Import Request.
  Time since last request: 5.531057 seconds.
  path: Assets/imports/Water.shadergraph
  artifactKey: Guid(f7ec0eb2e448a3045b1a880e4080729c) Importer(815301076,1909f56bfc062723c751e8b465ee728b)
Start importing Assets/imports/Water.shadergraph using Guid(f7ec0eb2e448a3045b1a880e4080729c) Importer(815301076,1909f56bfc062723c751e8b465ee728b)  -> (artifact id: '99029e20387d7ea77e60704f63173455') in 0.004863 seconds 
========================================================================
Received Import Request.
  Time since last request: 7.536430 seconds.
  path: Assets/imports/water.mat
  artifactKey: Guid(cf89229138832a844bdf0329c392f521) Importer(815301076,1909f56bfc062723c751e8b465ee728b)
Start importing Assets/imports/water.mat using Guid(cf89229138832a844bdf0329c392f521) Importer(815301076,1909f56bfc062723c751e8b465ee728b)  -> (artifact id: '301893e4fef4a0883c6ac9b1b3353ae3') in 0.863891 seconds 
========================================================================
Received Import Request.
  Time since last request: 101.030999 seconds.
  path: Assets/Artwork/Materials/Shaders/pipeline
  artifactKey: Guid(2824f676fa3bc2f47b486932f9031389) Importer(815301076,1909f56bfc062723c751e8b465ee728b)
Start importing Assets/Artwork/Materials/Shaders/pipeline using Guid(2824f676fa3bc2f47b486932f9031389) Importer(815301076,1909f56bfc062723c751e8b465ee728b)  -> (artifact id: 'dd66d5a1b04b786402a0d4e34833c0f2') in 0.002983 seconds 
========================================================================
Received Import Request.
  Time since last request: 53.046423 seconds.
  path: Assets/Artwork/BlenderArtwork/Ak_47/Ak_47.blend
  artifactKey: Guid(c3f4e98bf4866d14bb2671d9fd2b1c23) Importer(815301076,1909f56bfc062723c751e8b465ee728b)
Start importing Assets/Artwork/BlenderArtwork/Ak_47/Ak_47.blend using Guid(c3f4e98bf4866d14bb2671d9fd2b1c23) Importer(815301076,1909f56bfc062723c751e8b465ee728b)  -> (artifact id: '825cc18e6561fb50a374a565794fb3ad') in 0.105438 seconds 
========================================================================
Received Import Request.
  Time since last request: 0.000042 seconds.
  path: Assets/Artwork/BlenderArtwork/Enemies/BasiceEnemy.blend
  artifactKey: Guid(e7bec20932c29704482c336c4bffcf41) Importer(815301076,1909f56bfc062723c751e8b465ee728b)
Start importing Assets/Artwork/BlenderArtwork/Enemies/BasiceEnemy.blend using Guid(e7bec20932c29704482c336c4bffcf41) Importer(815301076,1909f56bfc062723c751e8b465ee728b)  -> (artifact id: 'b9f533e55f886570199c21dfd50fdbe6') in 0.037665 seconds 
========================================================================
Received Import Request.
  Time since last request: 459.933432 seconds.
  path: Assets/Artwork/Materials/Shaders/water.mat
  artifactKey: Guid(cf89229138832a844bdf0329c392f521) Importer(815301076,1909f56bfc062723c751e8b465ee728b)
Start importing Assets/Artwork/Materials/Shaders/water.mat using Guid(cf89229138832a844bdf0329c392f521) Importer(815301076,1909f56bfc062723c751e8b465ee728b)  -> (artifact id: 'c87d7236e2a293f3681843e2cd342e27') in 0.565018 seconds 
========================================================================
Received Import Request.
  Time since last request: 157.013059 seconds.
  path: Assets/Artwork/Materials/Shaders/water.mat
  artifactKey: Guid(cf89229138832a844bdf0329c392f521) Importer(815301076,1909f56bfc062723c751e8b465ee728b)
Start importing Assets/Artwork/Materials/Shaders/water.mat using Guid(cf89229138832a844bdf0329c392f521) Importer(815301076,1909f56bfc062723c751e8b465ee728b)  -> (artifact id: 'ee3e412b5876e9df0858aafb2c1d6d28') in 0.575595 seconds 
========================================================================
Received Import Request.
  Time since last request: 38.397495 seconds.
  path: Assets/Artwork/Materials/Shaders/water.mat
  artifactKey: Guid(cf89229138832a844bdf0329c392f521) Importer(815301076,1909f56bfc062723c751e8b465ee728b)
Start importing Assets/Artwork/Materials/Shaders/water.mat using Guid(cf89229138832a844bdf0329c392f521) Importer(815301076,1909f56bfc062723c751e8b465ee728b)  -> (artifact id: '9eee236409e99bd7870caf70712c15ec') in 0.517989 seconds 
========================================================================
Received Import Request.
  Time since last request: 36.647133 seconds.
  path: Assets/Artwork/Materials/Shaders/water.mat
  artifactKey: Guid(cf89229138832a844bdf0329c392f521) Importer(815301076,1909f56bfc062723c751e8b465ee728b)
Start importing Assets/Artwork/Materials/Shaders/water.mat using Guid(cf89229138832a844bdf0329c392f521) Importer(815301076,1909f56bfc062723c751e8b465ee728b)  -> (artifact id: '560fbaa0534a10760d4e017587c79f5e') in 0.020972 seconds 
========================================================================
Received Prepare
Registering precompiled user dll's ...
Registered in 0.012771 seconds.
Begin MonoManager ReloadAssembly
Symbol file LoadedFromMemory doesn't match image C:\Users\pc gamer casa\Desktop\unity projects\3D learning  Unity + Blender\Library\PackageCache\com.unity.visualscripting@1.7.8\Editor\VisualScripting.Core\Dependencies\YamlDotNet\Unity.VisualScripting.YamlDotNet.dll
Symbol file LoadedFromMemory doesn't match image C:\Users\pc gamer casa\Desktop\unity projects\3D learning  Unity + Blender\Library\PackageCache\com.unity.visualscripting@1.7.8\Editor\VisualScripting.Core\Dependencies\DotNetZip\Unity.VisualScripting.IonicZip.dll
Native extension for WindowsStandalone target not found
Refreshing native plugins compatible for Editor in 1.50 ms, found 3 plugins.
Preloading 0 native plugins for Editor in 0.00 ms.
Mono: successfully reloaded assembly
- Completed reload, in  2.976 seconds
Domain Reload Profiling:
	ReloadAssembly (2977ms)
		BeginReloadAssembly (1231ms)
			ExecutionOrderSort (0ms)
			DisableScriptedObjects (10ms)
			BackupInstance (0ms)
			ReleaseScriptingObjects (0ms)
			CreateAndSetChildDomain (1076ms)
		EndReloadAssembly (1567ms)
			LoadAssemblies (155ms)
			RebuildTransferFunctionScriptingTraits (0ms)
			SetupTypeCache (443ms)
			ReleaseScriptCaches (2ms)
			RebuildScriptCaches (71ms)
			SetupLoadedEditorAssemblies (770ms)
				LogAssemblyErrors (0ms)
				InitializePlatformSupportModulesInManaged (18ms)
				SetLoadedEditorAssemblies (1ms)
				RefreshPlugins (2ms)
				BeforeProcessingInitializeOnLoad (175ms)
				ProcessInitializeOnLoadAttributes (429ms)
				ProcessInitializeOnLoadMethodAttributes (126ms)
				AfterProcessingInitializeOnLoad (19ms)
				EditorAssembliesLoaded (0ms)
			ExecutionOrderSort2 (0ms)
			AwakeInstancesAfterBackupRestoration (25ms)
Platform modules already initialized, skipping
Refreshing native plugins compatible for Editor in 3.36 ms, found 3 plugins.
Preloading 0 native plugins for Editor in 0.00 ms.
Unloading 5138 Unused Serialized files (Serialized files now loaded: 0)
Unloading 39 unused Assets / (1.6 MB). Loaded Objects now: 5856.
Memory consumption went from 226.9 MB to 225.3 MB.
Total: 4.979400 ms (FindLiveObjects: 0.590800 ms CreateObjectMapping: 0.248200 ms MarkObjects: 3.733800 ms  DeleteObjects: 0.404200 ms)

AssetImportParameters requested are different than current active one (requested -> active):
  custom:video-decoder-ogg-theora: a1e56fd34408186e4bbccfd4996cb3dc -> 
  custom:container-muxer-webm: aa71ff27fc2769a1b78a27578f13a17b -> 
  custom:container-demuxer-webm: 4f35f7cbe854078d1ac9338744f61a02 -> 
  custom:video-encoder-webm-vp8: eb34c28f22e8b96e1ab97ce403110664 -> 
  custom:audio-encoder-webm-vorbis: bf7c407c2cedff20999df2af8eb42d56 -> 
  custom:framework-win-MediaFoundation: 216162199b28c13a410421893ffa2e32 -> 
  custom:container-demuxer-ogg: 62fdf1f143b41e24485cea50d1cbac27 -> 
  custom:video-decoder-webm-vp8: 9c59270c3fd7afecdb556c50c9e8de78 -> 
  custom:audio-decoder-ogg-vorbis: bf7c407c2cedff20999df2af8eb42d56 -> 
========================================================================
Received Import Request.
  Time since last request: 107.693274 seconds.
  path: Assets/Artwork/Materials/Shaders/water.mat
  artifactKey: Guid(cf89229138832a844bdf0329c392f521) Importer(815301076,1909f56bfc062723c751e8b465ee728b)
Start importing Assets/Artwork/Materials/Shaders/water.mat using Guid(cf89229138832a844bdf0329c392f521) Importer(815301076,1909f56bfc062723c751e8b465ee728b)  -> (artifact id: '91d3596bd714e8e3fbd909070cb456f4') in 0.312842 seconds 
========================================================================
Received Prepare
Registering precompiled user dll's ...
Registered in 0.018064 seconds.
Begin MonoManager ReloadAssembly
Symbol file LoadedFromMemory doesn't match image C:\Users\pc gamer casa\Desktop\unity projects\3D learning  Unity + Blender\Library\PackageCache\com.unity.visualscripting@1.7.8\Editor\VisualScripting.Core\Dependencies\YamlDotNet\Unity.VisualScripting.YamlDotNet.dll
Symbol file LoadedFromMemory doesn't match image C:\Users\pc gamer casa\Desktop\unity projects\3D learning  Unity + Blender\Library\PackageCache\com.unity.visualscripting@1.7.8\Editor\VisualScripting.Core\Dependencies\DotNetZip\Unity.VisualScripting.IonicZip.dll
Native extension for WindowsStandalone target not found
Refreshing native plugins compatible for Editor in 1.00 ms, found 3 plugins.
Preloading 0 native plugins for Editor in 0.00 ms.
Mono: successfully reloaded assembly
- Completed reload, in  1.779 seconds
Domain Reload Profiling:
	ReloadAssembly (1780ms)
		BeginReloadAssembly (186ms)
			ExecutionOrderSort (0ms)
			DisableScriptedObjects (10ms)
			BackupInstance (0ms)
			ReleaseScriptingObjects (0ms)
			CreateAndSetChildDomain (49ms)
		EndReloadAssembly (1461ms)
			LoadAssemblies (128ms)
			RebuildTransferFunctionScriptingTraits (0ms)
			SetupTypeCache (353ms)
			ReleaseScriptCaches (2ms)
			RebuildScriptCaches (67ms)
			SetupLoadedEditorAssemblies (794ms)
				LogAssemblyErrors (0ms)
				InitializePlatformSupportModulesInManaged (15ms)
				SetLoadedEditorAssemblies (1ms)
				RefreshPlugins (1ms)
				BeforeProcessingInitializeOnLoad (161ms)
				ProcessInitializeOnLoadAttributes (449ms)
				ProcessInitializeOnLoadMethodAttributes (148ms)
				AfterProcessingInitializeOnLoad (19ms)
				EditorAssembliesLoaded (0ms)
			ExecutionOrderSort2 (0ms)
			AwakeInstancesAfterBackupRestoration (27ms)
Platform modules already initialized, skipping
Refreshing native plugins compatible for Editor in 3.55 ms, found 3 plugins.
Preloading 0 native plugins for Editor in 0.00 ms.
Unloading 5137 Unused Serialized files (Serialized files now loaded: 0)
Unloading 39 unused Assets / (1.6 MB). Loaded Objects now: 5899.
Memory consumption went from 226.8 MB to 225.2 MB.
Total: 4.662600 ms (FindLiveObjects: 0.452900 ms CreateObjectMapping: 0.151300 ms MarkObjects: 3.610200 ms  DeleteObjects: 0.446000 ms)

AssetImportParameters requested are different than current active one (requested -> active):
  custom:video-decoder-ogg-theora: a1e56fd34408186e4bbccfd4996cb3dc -> 
  custom:container-muxer-webm: aa71ff27fc2769a1b78a27578f13a17b -> 
  custom:container-demuxer-webm: 4f35f7cbe854078d1ac9338744f61a02 -> 
  custom:video-encoder-webm-vp8: eb34c28f22e8b96e1ab97ce403110664 -> 
  custom:audio-encoder-webm-vorbis: bf7c407c2cedff20999df2af8eb42d56 -> 
  custom:framework-win-MediaFoundation: 216162199b28c13a410421893ffa2e32 -> 
  custom:container-demuxer-ogg: 62fdf1f143b41e24485cea50d1cbac27 -> 
  custom:video-decoder-webm-vp8: 9c59270c3fd7afecdb556c50c9e8de78 -> 
  custom:audio-decoder-ogg-vorbis: bf7c407c2cedff20999df2af8eb42d56 -> 
========================================================================
Received Import Request.
  Time since last request: 53.627804 seconds.
  path: Assets/Artwork/Materials/Shaders/water.mat
  artifactKey: Guid(cf89229138832a844bdf0329c392f521) Importer(815301076,1909f56bfc062723c751e8b465ee728b)
Start importing Assets/Artwork/Materials/Shaders/water.mat using Guid(cf89229138832a844bdf0329c392f521) Importer(815301076,1909f56bfc062723c751e8b465ee728b)  -> (artifact id: '9f62aaa110bef6b91669c52ab3e2de00') in 0.247940 seconds 
========================================================================
Received Import Request.
  Time since last request: 33.823570 seconds.
  path: Assets/Artwork/Materials/Shaders/water.mat
  artifactKey: Guid(cf89229138832a844bdf0329c392f521) Importer(815301076,1909f56bfc062723c751e8b465ee728b)
Start importing Assets/Artwork/Materials/Shaders/water.mat using Guid(cf89229138832a844bdf0329c392f521) Importer(815301076,1909f56bfc062723c751e8b465ee728b)  -> (artifact id: '2debc0bcdff05359c3ce3a06cd4f7bda') in 0.014896 seconds 
========================================================================
Received Prepare
Registering precompiled user dll's ...
Registered in 0.013126 seconds.
Begin MonoManager ReloadAssembly
Symbol file LoadedFromMemory doesn't match image C:\Users\pc gamer casa\Desktop\unity projects\3D learning  Unity + Blender\Library\PackageCache\com.unity.visualscripting@1.7.8\Editor\VisualScripting.Core\Dependencies\YamlDotNet\Unity.VisualScripting.YamlDotNet.dll
Symbol file LoadedFromMemory doesn't match image C:\Users\pc gamer casa\Desktop\unity projects\3D learning  Unity + Blender\Library\PackageCache\com.unity.visualscripting@1.7.8\Editor\VisualScripting.Core\Dependencies\DotNetZip\Unity.VisualScripting.IonicZip.dll
Native extension for WindowsStandalone target not found
Refreshing native plugins compatible for Editor in 1.05 ms, found 3 plugins.
Preloading 0 native plugins for Editor in 0.00 ms.
Mono: successfully reloaded assembly
- Completed reload, in  1.751 seconds
Domain Reload Profiling:
	ReloadAssembly (1752ms)
		BeginReloadAssembly (201ms)
			ExecutionOrderSort (0ms)
			DisableScriptedObjects (13ms)
			BackupInstance (0ms)
			ReleaseScriptingObjects (0ms)
			CreateAndSetChildDomain (54ms)
		EndReloadAssembly (1412ms)
			LoadAssemblies (139ms)
			RebuildTransferFunctionScriptingTraits (0ms)
			SetupTypeCache (382ms)
			ReleaseScriptCaches (2ms)
			RebuildScriptCaches (63ms)
			SetupLoadedEditorAssemblies (650ms)
				LogAssemblyErrors (0ms)
				InitializePlatformSupportModulesInManaged (17ms)
				SetLoadedEditorAssemblies (1ms)
				RefreshPlugins (1ms)
				BeforeProcessingInitializeOnLoad (151ms)
				ProcessInitializeOnLoadAttributes (330ms)
				ProcessInitializeOnLoadMethodAttributes (129ms)
				AfterProcessingInitializeOnLoad (20ms)
				EditorAssembliesLoaded (0ms)
			ExecutionOrderSort2 (0ms)
			AwakeInstancesAfterBackupRestoration (29ms)
Platform modules already initialized, skipping
Refreshing native plugins compatible for Editor in 4.35 ms, found 3 plugins.
Preloading 0 native plugins for Editor in 0.00 ms.
Unloading 5137 Unused Serialized files (Serialized files now loaded: 0)
Unloading 39 unused Assets / (1.6 MB). Loaded Objects now: 5942.
Memory consumption went from 226.8 MB to 225.2 MB.
Total: 6.167800 ms (FindLiveObjects: 0.656800 ms CreateObjectMapping: 0.326200 ms MarkObjects: 4.475000 ms  DeleteObjects: 0.707400 ms)

AssetImportParameters requested are different than current active one (requested -> active):
  custom:video-decoder-ogg-theora: a1e56fd34408186e4bbccfd4996cb3dc -> 
  custom:container-muxer-webm: aa71ff27fc2769a1b78a27578f13a17b -> 
  custom:container-demuxer-webm: 4f35f7cbe854078d1ac9338744f61a02 -> 
  custom:video-encoder-webm-vp8: eb34c28f22e8b96e1ab97ce403110664 -> 
  custom:audio-encoder-webm-vorbis: bf7c407c2cedff20999df2af8eb42d56 -> 
  custom:framework-win-MediaFoundation: 216162199b28c13a410421893ffa2e32 -> 
  custom:container-demuxer-ogg: 62fdf1f143b41e24485cea50d1cbac27 -> 
  custom:video-decoder-webm-vp8: 9c59270c3fd7afecdb556c50c9e8de78 -> 
  custom:audio-decoder-ogg-vorbis: bf7c407c2cedff20999df2af8eb42d56 -> 
========================================================================
Received Prepare
Registering precompiled user dll's ...
Registered in 0.013037 seconds.
Begin MonoManager ReloadAssembly
Symbol file LoadedFromMemory doesn't match image C:\Users\pc gamer casa\Desktop\unity projects\3D learning  Unity + Blender\Library\PackageCache\com.unity.visualscripting@1.7.8\Editor\VisualScripting.Core\Dependencies\YamlDotNet\Unity.VisualScripting.YamlDotNet.dll
Symbol file LoadedFromMemory doesn't match image C:\Users\pc gamer casa\Desktop\unity projects\3D learning  Unity + Blender\Library\PackageCache\com.unity.visualscripting@1.7.8\Editor\VisualScripting.Core\Dependencies\DotNetZip\Unity.VisualScripting.IonicZip.dll
Native extension for WindowsStandalone target not found
Refreshing native plugins compatible for Editor in 1.15 ms, found 3 plugins.
Preloading 0 native plugins for Editor in 0.00 ms.
Mono: successfully reloaded assembly
- Completed reload, in  1.626 seconds
Domain Reload Profiling:
	ReloadAssembly (1627ms)
		BeginReloadAssembly (197ms)
			ExecutionOrderSort (0ms)
			DisableScriptedObjects (7ms)
			BackupInstance (0ms)
			ReleaseScriptingObjects (0ms)
			CreateAndSetChildDomain (48ms)
		EndReloadAssembly (1281ms)
			LoadAssemblies (142ms)
			RebuildTransferFunctionScriptingTraits (0ms)
			SetupTypeCache (376ms)
			ReleaseScriptCaches (2ms)
			RebuildScriptCaches (62ms)
			SetupLoadedEditorAssemblies (600ms)
				LogAssemblyErrors (0ms)
				InitializePlatformSupportModulesInManaged (16ms)
				SetLoadedEditorAssemblies (1ms)
				RefreshPlugins (1ms)
				BeforeProcessingInitializeOnLoad (145ms)
				ProcessInitializeOnLoadAttributes (313ms)
				ProcessInitializeOnLoadMethodAttributes (108ms)
				AfterProcessingInitializeOnLoad (17ms)
				EditorAssembliesLoaded (0ms)
			ExecutionOrderSort2 (0ms)
			AwakeInstancesAfterBackupRestoration (24ms)
Platform modules already initialized, skipping
Refreshing native plugins compatible for Editor in 4.28 ms, found 3 plugins.
Preloading 0 native plugins for Editor in 0.00 ms.
Unloading 5137 Unused Serialized files (Serialized files now loaded: 0)
Unloading 39 unused Assets / (1.6 MB). Loaded Objects now: 5945.
Memory consumption went from 226.8 MB to 225.2 MB.
Total: 5.380100 ms (FindLiveObjects: 0.541400 ms CreateObjectMapping: 0.166400 ms MarkObjects: 4.217100 ms  DeleteObjects: 0.453700 ms)

AssetImportParameters requested are different than current active one (requested -> active):
  custom:video-decoder-ogg-theora: a1e56fd34408186e4bbccfd4996cb3dc -> 
  custom:container-muxer-webm: aa71ff27fc2769a1b78a27578f13a17b -> 
  custom:container-demuxer-webm: 4f35f7cbe854078d1ac9338744f61a02 -> 
  custom:video-encoder-webm-vp8: eb34c28f22e8b96e1ab97ce403110664 -> 
  custom:audio-encoder-webm-vorbis: bf7c407c2cedff20999df2af8eb42d56 -> 
  custom:framework-win-MediaFoundation: 216162199b28c13a410421893ffa2e32 -> 
  custom:container-demuxer-ogg: 62fdf1f143b41e24485cea50d1cbac27 -> 
  custom:video-decoder-webm-vp8: 9c59270c3fd7afecdb556c50c9e8de78 -> 
  custom:audio-decoder-ogg-vorbis: bf7c407c2cedff20999df2af8eb42d56 -> 
========================================================================
Received Import Request.
  Time since last request: 376.747907 seconds.
  path: Assets/Artwork/Materials/Shaders/water.mat
  artifactKey: Guid(cf89229138832a844bdf0329c392f521) Importer(815301076,1909f56bfc062723c751e8b465ee728b)
Start importing Assets/Artwork/Materials/Shaders/water.mat using Guid(cf89229138832a844bdf0329c392f521) Importer(815301076,1909f56bfc062723c751e8b465ee728b)  -> (artifact id: '72cb241a4934dae7348498c56e21ba91') in 0.752780 seconds 
========================================================================
Received Import Request.
  Time since last request: 55.408431 seconds.
  path: Assets/Artwork/Materials/Shaders/water.mat
  artifactKey: Guid(cf89229138832a844bdf0329c392f521) Importer(815301076,1909f56bfc062723c751e8b465ee728b)
Start importing Assets/Artwork/Materials/Shaders/water.mat using Guid(cf89229138832a844bdf0329c392f521) Importer(815301076,1909f56bfc062723c751e8b465ee728b)  -> (artifact id: '36b012e38be78a043fcb18c3c9228308') in 0.017454 seconds 
========================================================================
Received Prepare
Registering precompiled user dll's ...
Registered in 0.017195 seconds.
Begin MonoManager ReloadAssembly
Symbol file LoadedFromMemory doesn't match image C:\Users\pc gamer casa\Desktop\unity projects\3D learning  Unity + Blender\Library\PackageCache\com.unity.visualscripting@1.7.8\Editor\VisualScripting.Core\Dependencies\YamlDotNet\Unity.VisualScripting.YamlDotNet.dll
Symbol file LoadedFromMemory doesn't match image C:\Users\pc gamer casa\Desktop\unity projects\3D learning  Unity + Blender\Library\PackageCache\com.unity.visualscripting@1.7.8\Editor\VisualScripting.Core\Dependencies\DotNetZip\Unity.VisualScripting.IonicZip.dll
Native extension for WindowsStandalone target not found
Refreshing native plugins compatible for Editor in 2.84 ms, found 3 plugins.
Preloading 0 native plugins for Editor in 0.00 ms.
Mono: successfully reloaded assembly
- Completed reload, in  2.409 seconds
Domain Reload Profiling:
	ReloadAssembly (2411ms)
		BeginReloadAssembly (217ms)
			ExecutionOrderSort (0ms)
			DisableScriptedObjects (12ms)
			BackupInstance (0ms)
			ReleaseScriptingObjects (0ms)
			CreateAndSetChildDomain (63ms)
		EndReloadAssembly (1929ms)
			LoadAssemblies (178ms)
			RebuildTransferFunctionScriptingTraits (0ms)
			SetupTypeCache (583ms)
			ReleaseScriptCaches (2ms)
			RebuildScriptCaches (91ms)
			SetupLoadedEditorAssemblies (902ms)
				LogAssemblyErrors (0ms)
				InitializePlatformSupportModulesInManaged (21ms)
				SetLoadedEditorAssemblies (1ms)
				RefreshPlugins (3ms)
				BeforeProcessingInitializeOnLoad (232ms)
				ProcessInitializeOnLoadAttributes (477ms)
				ProcessInitializeOnLoadMethodAttributes (140ms)
				AfterProcessingInitializeOnLoad (21ms)
				EditorAssembliesLoaded (8ms)
			ExecutionOrderSort2 (0ms)
			AwakeInstancesAfterBackupRestoration (39ms)
Platform modules already initialized, skipping
Refreshing native plugins compatible for Editor in 4.67 ms, found 3 plugins.
Preloading 0 native plugins for Editor in 0.00 ms.
Unloading 5137 Unused Serialized files (Serialized files now loaded: 0)
Unloading 39 unused Assets / (1.6 MB). Loaded Objects now: 5988.
Memory consumption went from 226.9 MB to 225.4 MB.
Total: 5.756600 ms (FindLiveObjects: 0.507800 ms CreateObjectMapping: 0.143800 ms MarkObjects: 4.596900 ms  DeleteObjects: 0.506800 ms)

AssetImportParameters requested are different than current active one (requested -> active):
  custom:video-decoder-ogg-theora: a1e56fd34408186e4bbccfd4996cb3dc -> 
  custom:container-muxer-webm: aa71ff27fc2769a1b78a27578f13a17b -> 
  custom:container-demuxer-webm: 4f35f7cbe854078d1ac9338744f61a02 -> 
  custom:video-encoder-webm-vp8: eb34c28f22e8b96e1ab97ce403110664 -> 
  custom:audio-encoder-webm-vorbis: bf7c407c2cedff20999df2af8eb42d56 -> 
  custom:framework-win-MediaFoundation: 216162199b28c13a410421893ffa2e32 -> 
  custom:container-demuxer-ogg: 62fdf1f143b41e24485cea50d1cbac27 -> 
  custom:video-decoder-webm-vp8: 9c59270c3fd7afecdb556c50c9e8de78 -> 
  custom:audio-decoder-ogg-vorbis: bf7c407c2cedff20999df2af8eb42d56 -> 
